Reading protein file...
Read 5000 protein sequences.
Read 10000 protein sequences.
Read 15000 protein sequences.
Read 20000 protein sequences.
Read 25000 protein sequences.
Read 30000 protein sequences.
Read 35000 protein sequences.
Read 40000 protein sequences.
Read 45000 protein sequences.
Read 50000 protein sequences.
Read 55000 protein sequences.
Read 60000 protein sequences.
Read 65000 protein sequences.
Read 70000 protein sequences.
Read 75000 protein sequences.
Read 80000 protein sequences.
Read 85000 protein sequences.
Read 90000 protein sequences.
Read 95000 protein sequences.
Read 97766 proteins.

Checking AA alphabet (non-canonical AAs will be ignored during probe design)...
M Methionine (Met) - 2.1799% (852634)
A Alanine (Ala) - 6.9282% (2709818)
W Tryptophan (Trp) - 1.2221% (477995)
S Serine (Ser) - 8.4291% (3296870)
N Asparagine (Asn) - 3.5950% (1406101)
Q Glutamine (Gln) - 4.8023% (1878300)
V Valine (Val) - 6.0189% (2354160)
T Threonine (Thr) - 5.4754% (2141596)
E Glutamic Acid (Glu) - 7.1940% (2813778)
F Phenylalanine (Phe) - 3.5458% (1386856)
I Isoleucine (Ile) - 4.3363% (1696032)
L Leucine (Leu) - 9.8363% (3847276)
R Arginine (Arg) - 5.6472% (2208768)
G Glycine (Gly) - 6.5096% (2546084)
Y Tyrosine (Tyr) - 2.6020% (1017715)
P Proline (Pro) - 6.3269% (2474642)
H Histidine (His) - 2.5809% (1009473)
D Aspartic Acid (Asp) - 4.8265% (1887802)
K Lysine (Lys) - 5.7527% (2250047)
C Cysteine (Cys) - 2.1696% (848596)
Non-canonical: U - 0.0001% (58)
Non-canonical: X - 0.0212% (8273)

Thu Apr  1 23:49:04 2021  Counting kmers...
done in 34.3 seconds, 8523 unique 3-mers found (80.04% of 22^3 possible)

Thu Apr  1 23:49:38 2021  Removing non-canonical kmers...
Eliminated the following 523 kmers due to containing non-canonical amino acids:
['SLU', 'LUG', 'UGT', 'CGU', 'GUK', 'UKL', 'GAU', 'AUG', 'UGY', 'LNU', 'NUS', 'USS', 'SCU', 'CUG', 'UGS', 'SPX', 'PXG', 'XGK', 'GLU', 'LUS', 'USY', 'GGU', 'GUG', 'UGR', 'VTU', 'TUS', 'TAX', 'AXT', 'XTC', 'GUQ', 'UQL', 'ASU', 'SUY', 'UYL', 'RSU', 'SUC', 'UCC', 'ITU', 'TUQ', 'UQC', 'CSU', 'SUQ', 'UQG', 'CQU', 'QUR', 'URL', 'AAU', 'AUQ', 'UQI', 'SUR', 'URU', 'RUK', 'UKN', 'KKU', 'KUE', 'UEU', 'EUP', 'UPS', 'VSU', 'SUG', 'KGU', 'UGC', 'TSU', 'URV', 'GCU', 'CTU', 'TUP', 'UPP', 'SYU', 'YUG', 'UGL', 'SDU', 'DUL', 'ULG', 'FPX', 'PXN', 'XNM', 'MPX', 'PXL', 'XLA', 'AYU', 'SQU', 'QUG', 'UGK', 'WCU', 'CUI', 'UIL', 'SSU', 'URS', 'HDU', 'DUA', 'UAR', 'RFU', 'FUI', 'UIF', 'ATU', 'KRU', 'UKK', 'ILU', 'LUL', 'ULV', 'XSY', 'XNT', 'XDL', 'XAR', 'XTK', 'XIQ', 'XVT', 'XGL', 'XEG', 'XQM', 'XLH', 'XLK', 'XER', 'XVY', 'XKK', 'XPA', 'XGG', 'XDP', 'XLR', 'XSK', 'XHL', 'XAE', 'XNY', 'XKS', 'XKE', 'XTL', 'XLL', 'XKL', 'XSQ', 'XAT', 'XRR', 'XFI', 'XAD', 'XRT', 'XCG', 'XAP', 'XSE', 'XKR', 'XPQ', 'XDS', 'XVC', 'XQR', 'XQL', 'XWS', 'XDG', 'XLT', 'XLE', 'XFG', 'XSL', 'XKG', 'XST', 'XNI', 'XGH', 'XEM', 'XEL', 'XTA', 'XWQ', 'XSC', 'XKC', 'XGY', 'XAQ', 'XED', 'XSN', 'XSS', 'XKI', 'XQE', 'XFE', 'XLY', 'XSD', 'XAA', 'XTW', 'XII', 'XMF', 'XRI', 'XPD', 'XNR', 'XID', 'XPS', 'XKT', 'XTP', 'XFS', 'XDK', 'XPP', 'XLI', 'XGW', 'XSP', 'XRF', 'XTT', 'XSR', 'XNL', 'XNN', 'XEV', 'XKH', 'XHH', 'XEH', 'XNA', 'XLV', 'XKN', 'XVS', 'XRG', 'XGE', 'XRA', 'XLQ', 'XVH', 'XIS', 'XLN', 'XKA', 'XGV', 'XGI', 'XNF', 'XNG', 'XFV', 'XLG', 'XFF', 'XLS', 'XCK', 'XFA', 'XVK', 'XHT', 'XDR', 'XHR', 'XGR', 'XDV', 'XRS', 'XYR', 'XGA', 'SAX', 'AXL', 'XLD', 'XPG', 'XAL', 'XVE', 'XYI', 'XGS', 'XEI', 'XIY', 'XYF', 'XVP', 'XCL', 'XPI', 'XTQ', 'XLC', 'XRD', 'XSV', 'XMH', 'XQD', 'XRV', 'XMS', 'XAS', 'XWD', 'XEN', 'XDY', 'XWL', 'XHG', 'XMP', 'XME', 'XPR', 'XML', 'XLP', 'XGC', 'XYY', 'XHA', 'XQH', 'XNS', 'XVN', 'XNH', 'XQS', 'XES', 'XIF', 'XTI', 'XVA', 'XIN', 'XVG', 'XEE', 'XAI', 'XAF', 'XET', 'XRP', 'XYA', 'XCE', 'XYE', 'XTG', 'XFL', 'XHI', 'XPK', 'XLF', 'XEK', 'XAG', 'XQY', 'XTV', 'XSH', 'XFP', 'XMN', 'XVV', 'XCV', 'XYK', 'XAM', 'XYS', 'XMM', 'XCA', 'XMR', 'XEY', 'XGT', 'XHE', 'XTD', 'XFY', 'XRK', 'XQG', 'XRQ', 'XTH', 'XAW', 'XYV', 'XRH', 'XPL', 'XIL', 'XRE', 'XTR', 'XAH', 'XPE', 'XIE', 'XKV', 'XGQ', 'XMA', 'XCR', 'XQQ', 'XAK', 'XFR', 'XYT', 'XQN', 'XEA', 'XQI', 'XCQ', 'XMT', 'XQP', 'XDD', 'XQT', 'XDW', 'XEC', 'XGD', 'XHV', 'XRY', 'XEQ', 'XTY', 'XVR', 'XNK', 'XDF', 'XPY', 'XIK', 'XYP', 'XDA', 'XSG', 'XWY', 'XGP', 'XYD', 'XYG', 'XVL', 'XPV', 'XAV', 'XQV', 'XVQ', 'XIP', 'XVF', 'XWT', 'XRL', 'XQF', 'XVD', 'XTM', 'XYL', 'XWG', 'XQK', 'XGF', 'XLM', 'XGM', 'XCC', 'XIG', 'XHF', 'XVW', 'XMI', 'XSI', 'XPF', 'XSA', 'XIC', 'XYQ', 'XDI', 'XPM', 'XTS', 'XDC', 'XNP', 'XIR', 'XPW', 'XKY', 'ISX', 'SXL', 'XMK', 'XIH', 'XFT', 'XFH', 'XNC', 'XCS', 'XNQ', 'XCT', 'XIA', 'XCM', 'XDN', 'XMD', 'XCF', 'XWM', 'XCP', 'XFQ', 'XTN', 'XRM', 'XQA', 'XHS', 'XKF', 'XVI', 'XYM', 'XKQ', 'XAY', 'XIT', 'XTF', 'XNV', 'XNE', 'XGN', 'XAN', 'XHQ', 'XHY', 'XDE', 'XSM', 'XWK', 'XPN', 'XEF', 'XND', 'XKM', 'XKD', 'XFK', 'XTE', 'XFN', 'XMC', 'XWN', 'XCW', 'XMG', 'XFM', 'XYW', 'CRX', 'RXL', 'XHK', 'XHP', 'XSF', 'XCD', 'XPH', 'XCI', 'XPT', 'XIM', 'XHN', 'XDT', 'XCN', 'XRN', 'XDQ', 'XWR', 'XIV', 'XWP', 'XRW', 'XEW', 'XYN', 'XNW', 'XWA', 'XDM', 'XAC', 'XFD', 'XKP', 'XEP', 'XSW', 'XHW', 'XHM', 'XWV', 'XIW', 'XMQ', 'PVX', 'VXL', 'XMV', 'XCY', 'XPC', 'XQC', 'XHC', 'XFW', 'XDH', 'XWC', 'XLW', 'IDX', 'DXI', 'RRX', 'RXA', 'XCH', 'XRC', 'XVM', 'SVX', 'XWI', 'XFC', 'XYC', 'LQX', 'QXP', 'AXP', 'XHD', 'XQW', 'XKW', 'QSX', 'DLX', 'LXL', 'KKX', 'KXR', 'PAX', 'XWF', 'FAX', 'AXR', 'XMW', 'XYH', 'XWW', 'DKX', 'HAX', 'AXQ', 'XMY', 'XWE']
done in 0.0 seconds

Thu Apr  1 23:49:38 2021  Building protein lookup table...
done in 24.2 seconds

Thu Apr  1 23:50:03 2021  Calculating probes...
done in 5.9 minutes

Thu Apr  1 23:55:57 2021  Validating results...
done in 3.7 seconds

Writing results...

A total of 4761 unique (2375157 total) kmers have been used to uniquely identify 96925 of 97766 proteins (841 could not be uniquely resolved).
Average number of probes to uniquely identify a protein is 24.51.

Writing ASCII tree...

Writing Newick tree...
